xrun(64): 19.09-s008: (c) Copyright 1995-2020 Cadence Design Systems, Inc.
TOOL:	xrun(64)	19.09-s008: Started on Aug 07, 2024 at 16:52:15 JST
xrun
	+gui
	+access+r
	-s
	test/test_log.v
	draw.v
Recompiling... reason: file './draw.v' is newer than expected.
	expected: Wed Aug  7 16:36:55 2024
	actual:   Wed Aug  7 16:50:56 2024
file: test/test_log.v
	module worklib.simtop:v
		errors: 0, warnings: 0
file: draw.v
	module worklib.log:v
		errors: 0, warnings: 0
		Caching library 'worklib' ....... Done
	Elaborating the design hierarchy:
	Top level design units:
		simtop
		draw
		lambda
	Building instance overlay tables: .................... Done
	Generating native compiled code:
		worklib.log:v <0x25e283f5>
			streams:  11, words:  6047
		worklib.simtop:v <0x57b440a0>
			streams:   5, words:  1713
	Building instance specific data structures.
	Loading native compiled code:     .................... Done
	Design hierarchy summary:
		              Instances  Unique
		Modules:              4       4
		Registers:           22      22
		Scalar wires:         4       -
		Vectored wires:       6       -
		Always blocks:        3       3
		Initial blocks:       1       1
		Cont. assignments:    2       2
		Pseudo assignments:   1       1
	Writing initial simulation snapshot: worklib.simtop:v

-------------------------------------
Relinquished control to SimVision...
xcelium> 
xcelium> source /home/cad/cadence/XCELIUM1909/tools/xcelium/files/xmsimrc
xcelium> database -open waves -into waves.shm -default
Created default SHM database waves
xcelium> probe -create -shm simtop.l0.oY simtop.l0.oCalc_end simtop.l0.index simtop.l0.iX simtop.l0.iStart simtop.l0.iCLK simtop.l0.find_max simtop.l0.cnt_max simtop.l0.Xfind_max simtop.l0.XX simtop.l0.X
Created probe 1
xcelium> run
Simulation complete via $finish(1) at time 100000300 NS + 0
./test/test_log.v:21     #100000000 $finish;
xcelium> 