Flow report for VGAtop
Thu Aug  8 18:41:33 2024
Quartus Prime Version 21.1.1 Build 850 06/23/2022 SJ Lite Edition


---------------------
; Table of Contents ;
---------------------
  1. Legal Notice
  2. Flow Summary
  3. Flow Settings
  4. Flow Non-Default Global Settings
  5. Flow Elapsed Time
  6. Flow OS Summary
  7. Flow Log
  8. Flow Messages
  9. Flow Suppressed Messages



----------------
; Legal Notice ;
----------------
Copyright (C) 2022  Intel Corporation. All rights reserved.
Your use of Intel Corporation's design tools, logic functions 
and other software and tools, and any partner logic 
functions, and any output files from any of the foregoing 
(including device programming or simulation files), and any 
associated documentation or information are expressly subject 
to the terms and conditions of the Intel Program License 
Subscription Agreement, the Intel Quartus Prime License Agreement,
the Intel FPGA IP License Agreement, or other applicable license
agreement, including, without limitation, that your use is for
the sole purpose of programming logic devices manufactured by
Intel and sold by Intel or its authorized distributors.  Please
refer to the applicable agreement for further details, at
https://fpgasoftware.intel.com/eula.



+-------------------------------------------------------------------------------+
; Flow Summary                                                                  ;
+---------------------------------+---------------------------------------------+
; Flow Status                     ; Successful - Thu Aug  8 18:41:20 2024       ;
; Quartus Prime Version           ; 21.1.1 Build 850 06/23/2022 SJ Lite Edition ;
; Revision Name                   ; VGAtop                                      ;
; Top-level Entity Name           ; VGAtop                                      ;
; Family                          ; Cyclone V                                   ;
; Device                          ; 5CSXFC6D6F31C6                              ;
; Timing Models                   ; Final                                       ;
; Logic utilization (in ALMs)     ; 1,228 / 41,910 ( 3 % )                      ;
; Total registers                 ; 538                                         ;
; Total pins                      ; 96 / 499 ( 19 % )                           ;
; Total virtual pins              ; 0                                           ;
; Total block memory bits         ; 1,572,864 / 5,662,720 ( 28 % )              ;
; Total DSP Blocks                ; 27 / 112 ( 24 % )                           ;
; Total HSSI RX PCSs              ; 0 / 9 ( 0 % )                               ;
; Total HSSI PMA RX Deserializers ; 0 / 9 ( 0 % )                               ;
; Total HSSI TX PCSs              ; 0 / 9 ( 0 % )                               ;
; Total HSSI PMA TX Serializers   ; 0 / 9 ( 0 % )                               ;
; Total PLLs                      ; 1 / 15 ( 7 % )                              ;
; Total DLLs                      ; 0 / 4 ( 0 % )                               ;
+---------------------------------+---------------------------------------------+


+-----------------------------------------+
; Flow Settings                           ;
+-------------------+---------------------+
; Option            ; Setting             ;
+-------------------+---------------------+
; Start date & time ; 08/08/2024 18:38:43 ;
; Main task         ; Compilation         ;
; Revision Name     ; VGAtop              ;
+-------------------+---------------------+


+-------------------------------------------------------------------------------------------------------------------------+
; Flow Non-Default Global Settings                                                                                        ;
+-------------------------------------+----------------------------------------+---------------+-------------+------------+
; Assignment Name                     ; Value                                  ; Default Value ; Entity Name ; Section Id ;
+-------------------------------------+----------------------------------------+---------------+-------------+------------+
; COMPILER_SIGNATURE_ID               ; 39863950624576.172310992313791         ; --            ; --          ; --         ;
; MAX_CORE_JUNCTION_TEMP              ; 85                                     ; --            ; --          ; --         ;
; MIN_CORE_JUNCTION_TEMP              ; 0                                      ; --            ; --          ; --         ;
; MISC_FILE                           ; ../pll.cmp                             ; --            ; --          ; --         ;
; MISC_FILE                           ; ../pll_sim/pll.vo                      ; --            ; --          ; --         ;
; MISC_FILE                           ; ../vram64k_bb.v                        ; --            ; --          ; --         ;
; MISC_FILE                           ; ../font_bb.v                           ; --            ; --          ; --         ;
; MISC_FILE                           ; ../cram_bb.v                           ; --            ; --          ; --         ;
; PARTITION_COLOR                     ; -- (Not supported for targeted family) ; --            ; --          ; Top        ;
; PARTITION_FITTER_PRESERVATION_LEVEL ; -- (Not supported for targeted family) ; --            ; --          ; Top        ;
; PARTITION_NETLIST_TYPE              ; -- (Not supported for targeted family) ; --            ; --          ; Top        ;
; PROJECT_OUTPUT_DIRECTORY            ; output_files                           ; --            ; --          ; --         ;
; SPD_FILE                            ; ../pll.spd                             ; --            ; --          ; --         ;
; SYNTHESIS_ONLY_QIP                  ; On                                     ; --            ; --          ; --         ;
+-------------------------------------+----------------------------------------+---------------+-------------+------------+


+--------------------------------------------------------------------------------------------------------------------------+
; Flow Elapsed Time                                                                                                        ;
+----------------------+--------------+-------------------------+---------------------+------------------------------------+
; Module Name          ; Elapsed Time ; Average Processors Used ; Peak Virtual Memory ; Total CPU Time (on all processors) ;
+----------------------+--------------+-------------------------+---------------------+------------------------------------+
; Analysis & Synthesis ; 00:00:09     ; 1.0                     ; 662 MB              ; 00:00:20                           ;
; Fitter               ; 00:02:16     ; 1.1                     ; 2173 MB             ; 00:03:50                           ;
; Assembler            ; 00:00:08     ; 1.0                     ; 695 MB              ; 00:00:07                           ;
; Timing Analyzer      ; 00:00:12     ; 2.3                     ; 1108 MB             ; 00:00:26                           ;
; Total                ; 00:02:45     ; --                      ; --                  ; 00:04:43                           ;
+----------------------+--------------+-------------------------+---------------------+------------------------------------+


+----------------------------------------------------------------------------------------+
; Flow OS Summary                                                                        ;
+----------------------+------------------+--------------+--------------+----------------+
; Module Name          ; Machine Hostname ; OS Name      ; OS Version   ; Processor type ;
+----------------------+------------------+--------------+--------------+----------------+
; Analysis & Synthesis ; ikedalab-nuc07   ; CentOS Linux ; CentOS Linux ; x86_64         ;
; Fitter               ; ikedalab-nuc07   ; CentOS Linux ; CentOS Linux ; x86_64         ;
; Assembler            ; ikedalab-nuc07   ; CentOS Linux ; CentOS Linux ; x86_64         ;
; Timing Analyzer      ; ikedalab-nuc07   ; CentOS Linux ; CentOS Linux ; x86_64         ;
+----------------------+------------------+--------------+--------------+----------------+


------------
; Flow Log ;
------------
quartus_map --read_settings_files=on --write_settings_files=off VGAtop -c VGAtop
quartus_fit --read_settings_files=off --write_settings_files=off VGAtop -c VGAtop
quartus_asm --read_settings_files=off --write_settings_files=off VGAtop -c VGAtop
quartus_sta VGAtop -c VGAtop



